<?xml version="1.0" encoding="UTF-8"?>
<testng-results skipped="0" failed="1" total="1" passed="0">
  <reporter-output>
  </reporter-output>
  <suite name="Surefire suite" duration-ms="2671" started-at="2019-02-14T18:19:42Z" finished-at="2019-02-14T18:19:45Z">
    <groups>
    </groups>
    <test name="Surefire test" duration-ms="2671" started-at="2019-02-14T18:19:42Z" finished-at="2019-02-14T18:19:45Z">
      <class name="com.steven.nagie.api.MultiModuleTestIT">
        <test-method status="PASS" signature="springTestContextBeforeTestClass()[pri:0, instance:com.steven.nagie.api.MultiModuleTestIT@67e2d983]" name="springTestContextBeforeTestClass" is-config="true" duration-ms="11" started-at="2019-02-14T11:19:42Z" finished-at="2019-02-14T11:19:42Z">
          <reporter-output>
          </reporter-output>
        </test-method> <!-- springTestContextBeforeTestClass -->
        <test-method status="PASS" signature="springTestContextPrepareTestInstance()[pri:0, instance:com.steven.nagie.api.MultiModuleTestIT@67e2d983]" name="springTestContextPrepareTestInstance" is-config="true" duration-ms="2641" started-at="2019-02-14T11:19:42Z" depends-on-methods="org.springframework.test.context.testng.AbstractTestNGSpringContextTests.springTestContextBeforeTestClass" finished-at="2019-02-14T11:19:45Z">
          <reporter-output>
          </reporter-output>
        </test-method> <!-- springTestContextPrepareTestInstance -->
        <test-method status="PASS" signature="springTestContextBeforeTestMethod(java.lang.reflect.Method)[pri:0, instance:com.steven.nagie.api.MultiModuleTestIT@67e2d983]" name="springTestContextBeforeTestMethod" is-config="true" duration-ms="2" started-at="2019-02-14T11:19:45Z" finished-at="2019-02-14T11:19:45Z">
          <params>
            <param index="0">
              <value>
                <![CDATA[public void com.steven.nagie.api.MultiModuleTestIT.testMultiplicationEndpoint()]]>
              </value>
            </param>
          </params>
          <reporter-output>
          </reporter-output>
        </test-method> <!-- springTestContextBeforeTestMethod -->
        <test-method status="FAIL" signature="testMultiplicationEndpoint()[pri:0, instance:com.steven.nagie.api.MultiModuleTestIT@67e2d983]" name="testMultiplicationEndpoint" duration-ms="4" started-at="2019-02-14T11:19:45Z" finished-at="2019-02-14T11:19:45Z">
          <exception class="java.lang.AssertionError">
            <message>
              <![CDATA[expected [100] but found [10]]]>
            </message>
            <full-stacktrace>
              <![CDATA[java.lang.AssertionError: expected [100] but found [10]
	at org.testng.Assert.fail(Assert.java:94)
	at org.testng.Assert.failNotEquals(Assert.java:513)
	at org.testng.Assert.assertEqualsImpl(Assert.java:135)
	at org.testng.Assert.assertEquals(Assert.java:116)
	at org.testng.Assert.assertEquals(Assert.java:179)
	at com.steven.nagie.api.MultiModuleTestIT.testMultiplicationEndpoint(MultiModuleTestIT.java:24)
	at sun.reflect.NativeMethodAccessorImpl.invoke0(Native Method)
	at sun.reflect.NativeMethodAccessorImpl.invoke(NativeMethodAccessorImpl.java:62)
	at sun.reflect.DelegatingMethodAccessorImpl.invoke(DelegatingMethodAccessorImpl.java:43)
	at java.lang.reflect.Method.invoke(Method.java:498)
	at org.testng.internal.MethodInvocationHelper.invokeMethod(MethodInvocationHelper.java:86)
	at org.testng.internal.MethodInvocationHelper$1.runTestMethod(MethodInvocationHelper.java:197)
	at org.springframework.test.context.testng.AbstractTestNGSpringContextTests.run(AbstractTestNGSpringContextTests.java:180)
	at org.testng.internal.MethodInvocationHelper.invokeHookable(MethodInvocationHelper.java:209)
	at org.testng.internal.Invoker.invokeMethod(Invoker.java:639)
	at org.testng.internal.Invoker.invokeTestMethod(Invoker.java:820)
	at org.testng.internal.Invoker.invokeTestMethods(Invoker.java:1128)
	at org.testng.internal.TestMethodWorker.invokeTestMethods(TestMethodWorker.java:129)
	at org.testng.internal.TestMethodWorker.run(TestMethodWorker.java:112)
	at org.testng.TestRunner.privateRun(TestRunner.java:782)
	at org.testng.TestRunner.run(TestRunner.java:632)
	at org.testng.SuiteRunner.runTest(SuiteRunner.java:366)
	at org.testng.SuiteRunner.runSequentially(SuiteRunner.java:361)
	at org.testng.SuiteRunner.privateRun(SuiteRunner.java:319)
	at org.testng.SuiteRunner.run(SuiteRunner.java:268)
	at org.testng.SuiteRunnerWorker.runSuite(SuiteRunnerWorker.java:52)
	at org.testng.SuiteRunnerWorker.run(SuiteRunnerWorker.java:86)
	at org.testng.TestNG.runSuitesSequentially(TestNG.java:1244)
	at org.testng.TestNG.runSuitesLocally(TestNG.java:1169)
	at org.testng.TestNG.run(TestNG.java:1064)
	at org.apache.maven.surefire.testng.TestNGExecutor.run(TestNGExecutor.java:115)
	at org.apache.maven.surefire.testng.TestNGDirectoryTestSuite.executeMulti(TestNGDirectoryTestSuite.java:205)
	at org.apache.maven.surefire.testng.TestNGDirectoryTestSuite.execute(TestNGDirectoryTestSuite.java:108)
	at org.apache.maven.surefire.testng.TestNGProvider.invoke(TestNGProvider.java:111)
	at org.apache.maven.surefire.booter.ForkedBooter.invokeProviderInSameClassLoader(ForkedBooter.java:203)
	at org.apache.maven.surefire.booter.ForkedBooter.runSuitesInProcess(ForkedBooter.java:155)
	at org.apache.maven.surefire.booter.ForkedBooter.main(ForkedBooter.java:103)
]]>
            </full-stacktrace>
          </exception> <!-- java.lang.AssertionError -->
          <reporter-output>
          </reporter-output>
        </test-method> <!-- testMultiplicationEndpoint -->
        <test-method status="PASS" signature="springTestContextAfterTestMethod(java.lang.reflect.Method)[pri:0, instance:com.steven.nagie.api.MultiModuleTestIT@67e2d983]" name="springTestContextAfterTestMethod" is-config="true" duration-ms="1" started-at="2019-02-14T11:19:45Z" finished-at="2019-02-14T11:19:45Z">
          <params>
            <param index="0">
              <value>
                <![CDATA[public void com.steven.nagie.api.MultiModuleTestIT.testMultiplicationEndpoint()]]>
              </value>
            </param>
          </params>
          <reporter-output>
          </reporter-output>
        </test-method> <!-- springTestContextAfterTestMethod -->
        <test-method status="PASS" signature="springTestContextAfterTestClass()[pri:0, instance:com.steven.nagie.api.MultiModuleTestIT@67e2d983]" name="springTestContextAfterTestClass" is-config="true" duration-ms="0" started-at="2019-02-14T11:19:45Z" finished-at="2019-02-14T11:19:45Z">
          <reporter-output>
          </reporter-output>
        </test-method> <!-- springTestContextAfterTestClass -->
      </class> <!-- com.steven.nagie.api.MultiModuleTestIT -->
    </test> <!-- Surefire test -->
  </suite> <!-- Surefire suite -->
</testng-results>
